[18-Nov-2021 00:02:27 UTC] Xdebug: [Step Debug] Time-out connecting to debugging client, waited: 200 ms. Tried: localhost:9000 (fallback through xdebug.client_host/xdebug.client_port) :-(
[18-Nov-2021 00:02:27 UTC] Xdebug: [Step Debug] Time-out connecting to debugging client, waited: 200 ms. Tried: localhost:9000 (fallback through xdebug.client_host/xdebug.client_port) :-(
[18-Nov-2021 00:02:27 UTC] Xdebug: [Step Debug] Time-out connecting to debugging client, waited: 200 ms. Tried: localhost:9000 (fallback through xdebug.client_host/xdebug.client_port) :-(
[18-Nov-2021 00:02:27 UTC] Xdebug: [Step Debug] Time-out connecting to debugging client, waited: 200 ms. Tried: localhost:9000 (fallback through xdebug.client_host/xdebug.client_port) :-(
[18-Nov-2021 00:02:27 UTC] Xdebug: [Step Debug] Time-out connecting to debugging client, waited: 200 ms. Tried: localhost:9000 (fallback through xdebug.client_host/xdebug.client_port) :-(
[18-Nov-2021 00:02:27 UTC] Xdebug: [Step Debug] Time-out connecting to debugging client, waited: 200 ms. Tried: localhost:9000 (fallback through xdebug.client_host/xdebug.client_port) :-(
[18-Nov-2021 00:02:28 UTC] Xdebug: [Step Debug] Time-out connecting to debugging client, waited: 200 ms. Tried: localhost:9000 (fallback through xdebug.client_host/xdebug.client_port) :-(
[18-Nov-2021 00:02:28 UTC] Xdebug: [Step Debug] Time-out connecting to debugging client, waited: 200 ms. Tried: localhost:9000 (fallback through xdebug.client_host/xdebug.client_port) :-(
[18-Nov-2021 00:02:29 UTC] Xdebug: [Step Debug] Time-out connecting to debugging client, waited: 200 ms. Tried: localhost:9000 (fallback through xdebug.client_host/xdebug.client_port) :-(
[18-Nov-2021 00:02:29 UTC] Xdebug: [Step Debug] Time-out connecting to debugging client, waited: 200 ms. Tried: localhost:9000 (fallback through xdebug.client_host/xdebug.client_port) :-(
[18-Nov-2021 00:02:29 UTC] Xdebug: [Step Debug] Time-out connecting to debugging client, waited: 200 ms. Tried: localhost:9000 (fallback through xdebug.client_host/xdebug.client_port) :-(
[18-Nov-2021 00:02:30 UTC] Xdebug: [Step Debug] Time-out connecting to debugging client, waited: 200 ms. Tried: localhost:9000 (fallback through xdebug.client_host/xdebug.client_port) :-(
[18-Nov-2021 00:02:30 UTC] Xdebug: [Step Debug] Time-out connecting to debugging client, waited: 200 ms. Tried: localhost:9000 (fallback through xdebug.client_host/xdebug.client_port) :-(
[18-Nov-2021 00:02:30 UTC] Xdebug: [Step Debug] Time-out connecting to debugging client, waited: 200 ms. Tried: localhost:9000 (fallback through xdebug.client_host/xdebug.client_port) :-(
[18-Nov-2021 00:02:30 UTC] Xdebug: [Step Debug] Time-out connecting to debugging client, waited: 200 ms. Tried: localhost:9000 (fallback through xdebug.client_host/xdebug.client_port) :-(
[18-Nov-2021 00:02:30 UTC] Xdebug: [Step Debug] Time-out connecting to debugging client, waited: 200 ms. Tried: localhost:9000 (fallback through xdebug.client_host/xdebug.client_port) :-(
[18-Nov-2021 00:02:30 UTC] Xdebug: [Step Debug] Time-out connecting to debugging client, waited: 200 ms. Tried: localhost:9000 (fallback through xdebug.client_host/xdebug.client_port) :-(
[18-Nov-2021 00:02:30 UTC] Xdebug: [Step Debug] Time-out connecting to debugging client, waited: 200 ms. Tried: localhost:9000 (fallback through xdebug.client_host/xdebug.client_port) :-(
[18-Nov-2021 00:02:30 UTC] Xdebug: [Step Debug] Time-out connecting to debugging client, waited: 200 ms. Tried: localhost:9000 (fallback through xdebug.client_host/xdebug.client_port) :-(
[18-Nov-2021 00:02:31 UTC] Xdebug: [Step Debug] Time-out connecting to debugging client, waited: 200 ms. Tried: localhost:9000 (fallback through xdebug.client_host/xdebug.client_port) :-(
[18-Nov-2021 00:02:31 UTC] Xdebug: [Step Debug] Time-out connecting to debugging client, waited: 200 ms. Tried: localhost:9000 (fallback through xdebug.client_host/xdebug.client_port) :-(
[18-Nov-2021 00:02:31 UTC] Xdebug: [Step Debug] Time-out connecting to debugging client, waited: 200 ms. Tried: localhost:9000 (fallback through xdebug.client_host/xdebug.client_port) :-(
[18-Nov-2021 00:02:31 UTC] Xdebug: [Step Debug] Time-out connecting to debugging client, waited: 200 ms. Tried: localhost:9000 (fallback through xdebug.client_host/xdebug.client_port) :-(
[18-Nov-2021 00:02:31 UTC] Xdebug: [Step Debug] Time-out connecting to debugging client, waited: 200 ms. Tried: localhost:9000 (fallback through xdebug.client_host/xdebug.client_port) :-(
[18-Nov-2021 00:02:32 UTC] Xdebug: [Step Debug] Time-out connecting to debugging client, waited: 200 ms. Tried: localhost:9000 (fallback through xdebug.client_host/xdebug.client_port) :-(
[18-Nov-2021 00:02:32 UTC] Xdebug: [Step Debug] Time-out connecting to debugging client, waited: 200 ms. Tried: localhost:9000 (fallback through xdebug.client_host/xdebug.client_port) :-(
[18-Nov-2021 00:02:33 UTC] Xdebug: [Step Debug] Time-out connecting to debugging client, waited: 200 ms. Tried: localhost:9000 (fallback through xdebug.client_host/xdebug.client_port) :-(
[18-Nov-2021 00:02:33 UTC] Xdebug: [Step Debug] Time-out connecting to debugging client, waited: 200 ms. Tried: localhost:9000 (fallback through xdebug.client_host/xdebug.client_port) :-(
[18-Nov-2021 00:02:35 UTC] Xdebug: [Step Debug] Time-out connecting to debugging client, waited: 200 ms. Tried: ::1:9000 (from HTTP_X_FORWARDED_FOR HTTP header), localhost:9000 (fallback through xdebug.client_host/xdebug.client_port) :-(
[18-Nov-2021 00:02:36 UTC] Xdebug: [Step Debug] Time-out connecting to debugging client, waited: 200 ms. Tried: ::1:9000 (from HTTP_X_FORWARDED_FOR HTTP header), localhost:9000 (fallback through xdebug.client_host/xdebug.client_port) :-(
[18-Nov-2021 00:02:37 UTC] Xdebug: [Step Debug] Time-out connecting to debugging client, waited: 200 ms. Tried: ::1:9000 (from HTTP_X_FORWARDED_FOR HTTP header), localhost:9000 (fallback through xdebug.client_host/xdebug.client_port) :-(
[18-Nov-2021 00:02:38 UTC] Xdebug: [Step Debug] Time-out connecting to debugging client, waited: 200 ms. Tried: ::1:9000 (from HTTP_X_FORWARDED_FOR HTTP header), localhost:9000 (fallback through xdebug.client_host/xdebug.client_port) :-(
[18-Nov-2021 00:02:39 UTC] Xdebug: [Step Debug] Time-out connecting to debugging client, waited: 200 ms. Tried: ::1:9000 (from HTTP_X_FORWARDED_FOR HTTP header), localhost:9000 (fallback through xdebug.client_host/xdebug.client_port) :-(
[18-Nov-2021 00:02:40 UTC] Xdebug: [Step Debug] Time-out connecting to debugging client, waited: 200 ms. Tried: ::1:9000 (from HTTP_X_FORWARDED_FOR HTTP header), localhost:9000 (fallback through xdebug.client_host/xdebug.client_port) :-(
[18-Nov-2021 00:02:41 UTC] Xdebug: [Step Debug] Time-out connecting to debugging client, waited: 200 ms. Tried: ::1:9000 (from HTTP_X_FORWARDED_FOR HTTP header), localhost:9000 (fallback through xdebug.client_host/xdebug.client_port) :-(
[18-Nov-2021 00:02:41 UTC] Xdebug: [Step Debug] Time-out connecting to debugging client, waited: 200 ms. Tried: ::1:9000 (from HTTP_X_FORWARDED_FOR HTTP header), localhost:9000 (fallback through xdebug.client_host/xdebug.client_port) :-(
[18-Nov-2021 00:02:42 UTC] Xdebug: [Step Debug] Time-out connecting to debugging client, waited: 200 ms. Tried: ::1:9000 (from HTTP_X_FORWARDED_FOR HTTP header), localhost:9000 (fallback through xdebug.client_host/xdebug.client_port) :-(
[18-Nov-2021 00:02:43 UTC] Xdebug: [Step Debug] Time-out connecting to debugging client, waited: 200 ms. Tried: ::1:9000 (from HTTP_X_FORWARDED_FOR HTTP header), localhost:9000 (fallback through xdebug.client_host/xdebug.client_port) :-(
[18-Nov-2021 00:02:44 UTC] Xdebug: [Step Debug] Time-out connecting to debugging client, waited: 200 ms. Tried: ::1:9000 (from HTTP_X_FORWARDED_FOR HTTP header), localhost:9000 (fallback through xdebug.client_host/xdebug.client_port) :-(
[18-Nov-2021 00:02:44 UTC] Xdebug: [Step Debug] Time-out connecting to debugging client, waited: 200 ms. Tried: ::1:9000 (from HTTP_X_FORWARDED_FOR HTTP header), localhost:9000 (fallback through xdebug.client_host/xdebug.client_port) :-(
[18-Nov-2021 00:02:45 UTC] Xdebug: [Step Debug] Time-out connecting to debugging client, waited: 200 ms. Tried: ::1:9000 (from HTTP_X_FORWARDED_FOR HTTP header), localhost:9000 (fallback through xdebug.client_host/xdebug.client_port) :-(
[18-Nov-2021 00:02:45 UTC] Xdebug: [Step Debug] Time-out connecting to debugging client, waited: 200 ms. Tried: ::1:9000 (from HTTP_X_FORWARDED_FOR HTTP header), localhost:9000 (fallback through xdebug.client_host/xdebug.client_port) :-(
[18-Nov-2021 00:02:46 UTC] Xdebug: [Step Debug] Time-out connecting to debugging client, waited: 200 ms. Tried: ::1:9000 (from HTTP_X_FORWARDED_FOR HTTP header), localhost:9000 (fallback through xdebug.client_host/xdebug.client_port) :-(
[18-Nov-2021 00:02:47 UTC] Xdebug: [Step Debug] Time-out connecting to debugging client, waited: 200 ms. Tried: ::1:9000 (from HTTP_X_FORWARDED_FOR HTTP header), localhost:9000 (fallback through xdebug.client_host/xdebug.client_port) :-(
[18-Nov-2021 00:02:47 UTC] Xdebug: [Step Debug] Time-out connecting to debugging client, waited: 200 ms. Tried: ::1:9000 (from HTTP_X_FORWARDED_FOR HTTP header), localhost:9000 (fallback through xdebug.client_host/xdebug.client_port) :-(
[18-Nov-2021 00:02:48 UTC] Xdebug: [Step Debug] Time-out connecting to debugging client, waited: 200 ms. Tried: ::1:9000 (from HTTP_X_FORWARDED_FOR HTTP header), localhost:9000 (fallback through xdebug.client_host/xdebug.client_port) :-(
[18-Nov-2021 00:02:49 UTC] Xdebug: [Step Debug] Time-out connecting to debugging client, waited: 200 ms. Tried: ::1:9000 (from HTTP_X_FORWARDED_FOR HTTP header), localhost:9000 (fallback through xdebug.client_host/xdebug.client_port) :-(
[18-Nov-2021 00:02:49 UTC] Xdebug: [Step Debug] Time-out connecting to debugging client, waited: 200 ms. Tried: ::1:9000 (from HTTP_X_FORWARDED_FOR HTTP header), localhost:9000 (fallback through xdebug.client_host/xdebug.client_port) :-(
[18-Nov-2021 00:02:50 UTC] Xdebug: [Step Debug] Time-out connecting to debugging client, waited: 200 ms. Tried: ::1:9000 (from HTTP_X_FORWARDED_FOR HTTP header), localhost:9000 (fallback through xdebug.client_host/xdebug.client_port) :-(
[18-Nov-2021 00:02:51 UTC] Xdebug: [Step Debug] Time-out connecting to debugging client, waited: 200 ms. Tried: ::1:9000 (from HTTP_X_FORWARDED_FOR HTTP header), localhost:9000 (fallback through xdebug.client_host/xdebug.client_port) :-(
[18-Nov-2021 00:02:51 UTC] Xdebug: [Step Debug] Time-out connecting to debugging client, waited: 200 ms. Tried: ::1:9000 (from HTTP_X_FORWARDED_FOR HTTP header), localhost:9000 (fallback through xdebug.client_host/xdebug.client_port) :-(
[18-Nov-2021 00:02:52 UTC] Xdebug: [Step Debug] Time-out connecting to debugging client, waited: 200 ms. Tried: ::1:9000 (from HTTP_X_FORWARDED_FOR HTTP header), localhost:9000 (fallback through xdebug.client_host/xdebug.client_port) :-(
[18-Nov-2021 16:54:01 UTC] PHP Fatal error:  Assignments can only happen to writable values in C:\Users\nishi\Local Sites\mysite02\app\public\wp-content\themes\myblog\single.php on line 32
[18-Nov-2021 16:54:01 UTC] PHP Stack trace:
[18-Nov-2021 16:54:01 UTC] PHP   1. {main}() C:\Users\nishi\Local Sites\mysite02\app\public\index.php:0
[18-Nov-2021 16:54:01 UTC] PHP   2. require() C:\Users\nishi\Local Sites\mysite02\app\public\index.php:17
[18-Nov-2021 16:54:01 UTC] PHP   3. require_once() C:\Users\nishi\Local Sites\mysite02\app\public\wp-blog-header.php:19
[18-Nov-2021 21:18:22 UTC] Xdebug: [Step Debug] Time-out connecting to debugging client, waited: 200 ms. Tried: localhost:9000 (fallback through xdebug.client_host/xdebug.client_port) :-(
[18-Nov-2021 21:18:22 UTC] Xdebug: [Step Debug] Time-out connecting to debugging client, waited: 200 ms. Tried: localhost:9000 (fallback through xdebug.client_host/xdebug.client_port) :-(
[18-Nov-2021 21:18:22 UTC] Xdebug: [Step Debug] Time-out connecting to debugging client, waited: 200 ms. Tried: localhost:9000 (fallback through xdebug.client_host/xdebug.client_port) :-(
[18-Nov-2021 21:18:23 UTC] Xdebug: [Step Debug] Time-out connecting to debugging client, waited: 200 ms. Tried: localhost:9000 (fallback through xdebug.client_host/xdebug.client_port) :-(
[18-Nov-2021 21:18:23 UTC] Xdebug: [Step Debug] Time-out connecting to debugging client, waited: 200 ms. Tried: localhost:9000 (fallback through xdebug.client_host/xdebug.client_port) :-(
[18-Nov-2021 21:18:23 UTC] Xdebug: [Step Debug] Time-out connecting to debugging client, waited: 200 ms. Tried: localhost:9000 (fallback through xdebug.client_host/xdebug.client_port) :-(
[18-Nov-2021 21:18:23 UTC] Xdebug: [Step Debug] Time-out connecting to debugging client, waited: 200 ms. Tried: localhost:9000 (fallback through xdebug.client_host/xdebug.client_port) :-(
[18-Nov-2021 21:18:24 UTC] Xdebug: [Step Debug] Time-out connecting to debugging client, waited: 200 ms. Tried: localhost:9000 (fallback through xdebug.client_host/xdebug.client_port) :-(
[18-Nov-2021 21:18:24 UTC] Xdebug: [Step Debug] Time-out connecting to debugging client, waited: 200 ms. Tried: localhost:9000 (fallback through xdebug.client_host/xdebug.client_port) :-(
[18-Nov-2021 21:18:24 UTC] Xdebug: [Step Debug] Time-out connecting to debugging client, waited: 200 ms. Tried: localhost:9000 (fallback through xdebug.client_host/xdebug.client_port) :-(
[18-Nov-2021 21:18:24 UTC] Xdebug: [Step Debug] Time-out connecting to debugging client, waited: 200 ms. Tried: localhost:9000 (fallback through xdebug.client_host/xdebug.client_port) :-(
[18-Nov-2021 21:18:25 UTC] Xdebug: [Step Debug] Time-out connecting to debugging client, waited: 200 ms. Tried: localhost:9000 (fallback through xdebug.client_host/xdebug.client_port) :-(
[18-Nov-2021 21:18:25 UTC] Xdebug: [Step Debug] Time-out connecting to debugging client, waited: 200 ms. Tried: localhost:9000 (fallback through xdebug.client_host/xdebug.client_port) :-(
[18-Nov-2021 21:18:25 UTC] Xdebug: [Step Debug] Time-out connecting to debugging client, waited: 200 ms. Tried: localhost:9000 (fallback through xdebug.client_host/xdebug.client_port) :-(
[18-Nov-2021 21:18:25 UTC] Xdebug: [Step Debug] Time-out connecting to debugging client, waited: 200 ms. Tried: localhost:9000 (fallback through xdebug.client_host/xdebug.client_port) :-(
[18-Nov-2021 21:18:25 UTC] Xdebug: [Step Debug] Time-out connecting to debugging client, waited: 200 ms. Tried: localhost:9000 (fallback through xdebug.client_host/xdebug.client_port) :-(
[18-Nov-2021 21:18:25 UTC] Xdebug: [Step Debug] Time-out connecting to debugging client, waited: 200 ms. Tried: localhost:9000 (fallback through xdebug.client_host/xdebug.client_port) :-(
[18-Nov-2021 21:18:25 UTC] Xdebug: [Step Debug] Time-out connecting to debugging client, waited: 200 ms. Tried: localhost:9000 (fallback through xdebug.client_host/xdebug.client_port) :-(
[18-Nov-2021 21:18:26 UTC] Xdebug: [Step Debug] Time-out connecting to debugging client, waited: 200 ms. Tried: localhost:9000 (fallback through xdebug.client_host/xdebug.client_port) :-(
[18-Nov-2021 21:18:26 UTC] Xdebug: [Step Debug] Time-out connecting to debugging client, waited: 200 ms. Tried: localhost:9000 (fallback through xdebug.client_host/xdebug.client_port) :-(
[18-Nov-2021 21:18:26 UTC] Xdebug: [Step Debug] Time-out connecting to debugging client, waited: 200 ms. Tried: localhost:9000 (fallback through xdebug.client_host/xdebug.client_port) :-(
[18-Nov-2021 21:18:26 UTC] Xdebug: [Step Debug] Time-out connecting to debugging client, waited: 200 ms. Tried: localhost:9000 (fallback through xdebug.client_host/xdebug.client_port) :-(
[18-Nov-2021 21:18:26 UTC] Xdebug: [Step Debug] Time-out connecting to debugging client, waited: 200 ms. Tried: localhost:9000 (fallback through xdebug.client_host/xdebug.client_port) :-(
[18-Nov-2021 21:18:27 UTC] Xdebug: [Step Debug] Time-out connecting to debugging client, waited: 200 ms. Tried: localhost:9000 (fallback through xdebug.client_host/xdebug.client_port) :-(
[18-Nov-2021 21:18:27 UTC] Xdebug: [Step Debug] Time-out connecting to debugging client, waited: 200 ms. Tried: localhost:9000 (fallback through xdebug.client_host/xdebug.client_port) :-(
[18-Nov-2021 21:18:27 UTC] Xdebug: [Step Debug] Time-out connecting to debugging client, waited: 200 ms. Tried: localhost:9000 (fallback through xdebug.client_host/xdebug.client_port) :-(
[18-Nov-2021 21:18:28 UTC] Xdebug: [Step Debug] Time-out connecting to debugging client, waited: 200 ms. Tried: localhost:9000 (fallback through xdebug.client_host/xdebug.client_port) :-(
[18-Nov-2021 21:18:28 UTC] Xdebug: [Step Debug] Time-out connecting to debugging client, waited: 200 ms. Tried: localhost:9000 (fallback through xdebug.client_host/xdebug.client_port) :-(
[18-Nov-2021 21:18:30 UTC] Xdebug: [Step Debug] Time-out connecting to debugging client, waited: 200 ms. Tried: localhost:9000 (fallback through xdebug.client_host/xdebug.client_port) :-(
[18-Nov-2021 21:18:30 UTC] Xdebug: [Step Debug] Time-out connecting to debugging client, waited: 200 ms. Tried: localhost:9000 (fallback through xdebug.client_host/xdebug.client_port) :-(
[18-Nov-2021 21:18:30 UTC] Xdebug: [Step Debug] Time-out connecting to debugging client, waited: 200 ms. Tried: localhost:9000 (fallback through xdebug.client_host/xdebug.client_port) :-(
[18-Nov-2021 21:18:31 UTC] Xdebug: [Step Debug] Time-out connecting to debugging client, waited: 200 ms. Tried: localhost:9000 (fallback through xdebug.client_host/xdebug.client_port) :-(
[18-Nov-2021 21:18:31 UTC] Xdebug: [Step Debug] Time-out connecting to debugging client, waited: 200 ms. Tried: localhost:9000 (fallback through xdebug.client_host/xdebug.client_port) :-(
[18-Nov-2021 21:18:31 UTC] Xdebug: [Step Debug] Time-out connecting to debugging client, waited: 200 ms. Tried: localhost:9000 (fallback through xdebug.client_host/xdebug.client_port) :-(
[18-Nov-2021 21:18:31 UTC] Xdebug: [Step Debug] Time-out connecting to debugging client, waited: 200 ms. Tried: localhost:9000 (fallback through xdebug.client_host/xdebug.client_port) :-(
[18-Nov-2021 21:18:32 UTC] Xdebug: [Step Debug] Time-out connecting to debugging client, waited: 200 ms. Tried: localhost:9000 (fallback through xdebug.client_host/xdebug.client_port) :-(
[18-Nov-2021 21:18:32 UTC] Xdebug: [Step Debug] Time-out connecting to debugging client, waited: 200 ms. Tried: localhost:9000 (fallback through xdebug.client_host/xdebug.client_port) :-(
[18-Nov-2021 21:18:32 UTC] Xdebug: [Step Debug] Time-out connecting to debugging client, waited: 200 ms. Tried: localhost:9000 (fallback through xdebug.client_host/xdebug.client_port) :-(
[18-Nov-2021 21:18:32 UTC] Xdebug: [Step Debug] Time-out connecting to debugging client, waited: 200 ms. Tried: ::1:9000 (from HTTP_X_FORWARDED_FOR HTTP header), localhost:9000 (fallback through xdebug.client_host/xdebug.client_port) :-(
[18-Nov-2021 21:18:32 UTC] Xdebug: [Step Debug] Time-out connecting to debugging client, waited: 200 ms. Tried: localhost:9000 (fallback through xdebug.client_host/xdebug.client_port) :-(
[18-Nov-2021 21:18:33 UTC] Xdebug: [Step Debug] Time-out connecting to debugging client, waited: 200 ms. Tried: localhost:9000 (fallback through xdebug.client_host/xdebug.client_port) :-(
[18-Nov-2021 21:18:33 UTC] Xdebug: [Step Debug] Time-out connecting to debugging client, waited: 200 ms. Tried: localhost:9000 (fallback through xdebug.client_host/xdebug.client_port) :-(
[18-Nov-2021 21:18:33 UTC] Xdebug: [Step Debug] Time-out connecting to debugging client, waited: 200 ms. Tried: localhost:9000 (fallback through xdebug.client_host/xdebug.client_port) :-(
[18-Nov-2021 21:18:33 UTC] Xdebug: [Step Debug] Time-out connecting to debugging client, waited: 200 ms. Tried: ::1:9000 (from HTTP_X_FORWARDED_FOR HTTP header), localhost:9000 (fallback through xdebug.client_host/xdebug.client_port) :-(
[18-Nov-2021 21:18:33 UTC] Xdebug: [Step Debug] Time-out connecting to debugging client, waited: 200 ms. Tried: localhost:9000 (fallback through xdebug.client_host/xdebug.client_port) :-(
[18-Nov-2021 21:18:33 UTC] Xdebug: [Step Debug] Time-out connecting to debugging client, waited: 200 ms. Tried: localhost:9000 (fallback through xdebug.client_host/xdebug.client_port) :-(
[18-Nov-2021 21:18:33 UTC] Xdebug: [Step Debug] Time-out connecting to debugging client, waited: 200 ms. Tried: localhost:9000 (fallback through xdebug.client_host/xdebug.client_port) :-(
[18-Nov-2021 21:18:33 UTC] Xdebug: [Step Debug] Time-out connecting to debugging client, waited: 200 ms. Tried: localhost:9000 (fallback through xdebug.client_host/xdebug.client_port) :-(
[18-Nov-2021 21:18:34 UTC] Xdebug: [Step Debug] Time-out connecting to debugging client, waited: 200 ms. Tried: localhost:9000 (fallback through xdebug.client_host/xdebug.client_port) :-(
[18-Nov-2021 21:18:34 UTC] Xdebug: [Step Debug] Time-out connecting to debugging client, waited: 200 ms. Tried: localhost:9000 (fallback through xdebug.client_host/xdebug.client_port) :-(
[18-Nov-2021 21:18:34 UTC] Xdebug: [Step Debug] Time-out connecting to debugging client, waited: 200 ms. Tried: ::1:9000 (from HTTP_X_FORWARDED_FOR HTTP header), localhost:9000 (fallback through xdebug.client_host/xdebug.client_port) :-(
[18-Nov-2021 21:18:34 UTC] Xdebug: [Step Debug] Time-out connecting to debugging client, waited: 200 ms. Tried: localhost:9000 (fallback through xdebug.client_host/xdebug.client_port) :-(
[18-Nov-2021 21:18:35 UTC] Xdebug: [Step Debug] Time-out connecting to debugging client, waited: 200 ms. Tried: localhost:9000 (fallback through xdebug.client_host/xdebug.client_port) :-(
[18-Nov-2021 21:18:35 UTC] Xdebug: [Step Debug] Time-out connecting to debugging client, waited: 200 ms. Tried: ::1:9000 (from HTTP_X_FORWARDED_FOR HTTP header), localhost:9000 (fallback through xdebug.client_host/xdebug.client_port) :-(
[18-Nov-2021 21:18:35 UTC] Xdebug: [Step Debug] Time-out connecting to debugging client, waited: 200 ms. Tried: ::1:9000 (from HTTP_X_FORWARDED_FOR HTTP header), localhost:9000 (fallback through xdebug.client_host/xdebug.client_port) :-(
[18-Nov-2021 21:18:36 UTC] Xdebug: [Step Debug] Time-out connecting to debugging client, waited: 200 ms. Tried: ::1:9000 (from HTTP_X_FORWARDED_FOR HTTP header), localhost:9000 (fallback through xdebug.client_host/xdebug.client_port) :-(
[18-Nov-2021 21:18:36 UTC] Xdebug: [Step Debug] Time-out connecting to debugging client, waited: 200 ms. Tried: ::1:9000 (from HTTP_X_FORWARDED_FOR HTTP header), localhost:9000 (fallback through xdebug.client_host/xdebug.client_port) :-(
[18-Nov-2021 21:18:37 UTC] Xdebug: [Step Debug] Time-out connecting to debugging client, waited: 200 ms. Tried: ::1:9000 (from HTTP_X_FORWARDED_FOR HTTP header), localhost:9000 (fallback through xdebug.client_host/xdebug.client_port) :-(
[18-Nov-2021 21:18:45 UTC] Xdebug: [Step Debug] Time-out connecting to debugging client, waited: 200 ms. Tried: ::1:9000 (from HTTP_X_FORWARDED_FOR HTTP header), localhost:9000 (fallback through xdebug.client_host/xdebug.client_port) :-(
[18-Nov-2021 21:18:45 UTC] Xdebug: [Step Debug] Time-out connecting to debugging client, waited: 200 ms. Tried: ::1:9000 (from HTTP_X_FORWARDED_FOR HTTP header), localhost:9000 (fallback through xdebug.client_host/xdebug.client_port) :-(
[18-Nov-2021 21:18:46 UTC] Xdebug: [Step Debug] Time-out connecting to debugging client, waited: 200 ms. Tried: ::1:9000 (from HTTP_X_FORWARDED_FOR HTTP header), localhost:9000 (fallback through xdebug.client_host/xdebug.client_port) :-(
[18-Nov-2021 21:18:47 UTC] Xdebug: [Step Debug] Time-out connecting to debugging client, waited: 200 ms. Tried: ::1:9000 (from HTTP_X_FORWARDED_FOR HTTP header), localhost:9000 (fallback through xdebug.client_host/xdebug.client_port) :-(
[18-Nov-2021 21:18:47 UTC] Xdebug: [Step Debug] Time-out connecting to debugging client, waited: 200 ms. Tried: ::1:9000 (from HTTP_X_FORWARDED_FOR HTTP header), localhost:9000 (fallback through xdebug.client_host/xdebug.client_port) :-(
[18-Nov-2021 21:18:48 UTC] Xdebug: [Step Debug] Time-out connecting to debugging client, waited: 200 ms. Tried: ::1:9000 (from HTTP_X_FORWARDED_FOR HTTP header), localhost:9000 (fallback through xdebug.client_host/xdebug.client_port) :-(
[18-Nov-2021 21:18:49 UTC] Xdebug: [Step Debug] Time-out connecting to debugging client, waited: 200 ms. Tried: ::1:9000 (from HTTP_X_FORWARDED_FOR HTTP header), localhost:9000 (fallback through xdebug.client_host/xdebug.client_port) :-(
[18-Nov-2021 21:18:49 UTC] Xdebug: [Step Debug] Time-out connecting to debugging client, waited: 200 ms. Tried: ::1:9000 (from HTTP_X_FORWARDED_FOR HTTP header), localhost:9000 (fallback through xdebug.client_host/xdebug.client_port) :-(
[18-Nov-2021 21:18:52 UTC] Xdebug: [Step Debug] Time-out connecting to debugging client, waited: 200 ms. Tried: ::1:9000 (from HTTP_X_FORWARDED_FOR HTTP header), localhost:9000 (fallback through xdebug.client_host/xdebug.client_port) :-(
[18-Nov-2021 21:18:53 UTC] Xdebug: [Step Debug] Time-out connecting to debugging client, waited: 200 ms. Tried: ::1:9000 (from HTTP_X_FORWARDED_FOR HTTP header), localhost:9000 (fallback through xdebug.client_host/xdebug.client_port) :-(
[18-Nov-2021 21:18:54 UTC] Xdebug: [Step Debug] Time-out connecting to debugging client, waited: 200 ms. Tried: ::1:9000 (from HTTP_X_FORWARDED_FOR HTTP header), localhost:9000 (fallback through xdebug.client_host/xdebug.client_port) :-(
[18-Nov-2021 21:18:54 UTC] Xdebug: [Step Debug] Time-out connecting to debugging client, waited: 200 ms. Tried: ::1:9000 (from HTTP_X_FORWARDED_FOR HTTP header), localhost:9000 (fallback through xdebug.client_host/xdebug.client_port) :-(
[18-Nov-2021 21:18:55 UTC] Xdebug: [Step Debug] Time-out connecting to debugging client, waited: 200 ms. Tried: ::1:9000 (from HTTP_X_FORWARDED_FOR HTTP header), localhost:9000 (fallback through xdebug.client_host/xdebug.client_port) :-(
[18-Nov-2021 21:18:55 UTC] Xdebug: [Step Debug] Time-out connecting to debugging client, waited: 200 ms. Tried: ::1:9000 (from HTTP_X_FORWARDED_FOR HTTP header), localhost:9000 (fallback through xdebug.client_host/xdebug.client_port) :-(
[18-Nov-2021 21:18:56 UTC] Xdebug: [Step Debug] Time-out connecting to debugging client, waited: 200 ms. Tried: ::1:9000 (from HTTP_X_FORWARDED_FOR HTTP header), localhost:9000 (fallback through xdebug.client_host/xdebug.client_port) :-(
[18-Nov-2021 21:18:57 UTC] Xdebug: [Step Debug] Time-out connecting to debugging client, waited: 200 ms. Tried: ::1:9000 (from HTTP_X_FORWARDED_FOR HTTP header), localhost:9000 (fallback through xdebug.client_host/xdebug.client_port) :-(
[18-Nov-2021 21:18:58 UTC] Xdebug: [Step Debug] Time-out connecting to debugging client, waited: 200 ms. Tried: ::1:9000 (from HTTP_X_FORWARDED_FOR HTTP header), localhost:9000 (fallback through xdebug.client_host/xdebug.client_port) :-(
[18-Nov-2021 21:18:58 UTC] Xdebug: [Step Debug] Time-out connecting to debugging client, waited: 200 ms. Tried: ::1:9000 (from HTTP_X_FORWARDED_FOR HTTP header), localhost:9000 (fallback through xdebug.client_host/xdebug.client_port) :-(
[18-Nov-2021 21:18:59 UTC] Xdebug: [Step Debug] Time-out connecting to debugging client, waited: 200 ms. Tried: ::1:9000 (from HTTP_X_FORWARDED_FOR HTTP header), localhost:9000 (fallback through xdebug.client_host/xdebug.client_port) :-(
[18-Nov-2021 21:18:59 UTC] Xdebug: [Step Debug] Time-out connecting to debugging client, waited: 200 ms. Tried: ::1:9000 (from HTTP_X_FORWARDED_FOR HTTP header), localhost:9000 (fallback through xdebug.client_host/xdebug.client_port) :-(
[18-Nov-2021 21:19:00 UTC] Xdebug: [Step Debug] Time-out connecting to debugging client, waited: 200 ms. Tried: ::1:9000 (from HTTP_X_FORWARDED_FOR HTTP header), localhost:9000 (fallback through xdebug.client_host/xdebug.client_port) :-(
[18-Nov-2021 21:19:01 UTC] Xdebug: [Step Debug] Time-out connecting to debugging client, waited: 200 ms. Tried: ::1:9000 (from HTTP_X_FORWARDED_FOR HTTP header), localhost:9000 (fallback through xdebug.client_host/xdebug.client_port) :-(
[18-Nov-2021 21:19:01 UTC] Xdebug: [Step Debug] Time-out connecting to debugging client, waited: 200 ms. Tried: ::1:9000 (from HTTP_X_FORWARDED_FOR HTTP header), localhost:9000 (fallback through xdebug.client_host/xdebug.client_port) :-(
[18-Nov-2021 21:19:02 UTC] Xdebug: [Step Debug] Time-out connecting to debugging client, waited: 200 ms. Tried: ::1:9000 (from HTTP_X_FORWARDED_FOR HTTP header), localhost:9000 (fallback through xdebug.client_host/xdebug.client_port) :-(
[18-Nov-2021 21:19:03 UTC] Xdebug: [Step Debug] Time-out connecting to debugging client, waited: 200 ms. Tried: ::1:9000 (from HTTP_X_FORWARDED_FOR HTTP header), localhost:9000 (fallback through xdebug.client_host/xdebug.client_port) :-(
[18-Nov-2021 21:19:04 UTC] Xdebug: [Step Debug] Time-out connecting to debugging client, waited: 200 ms. Tried: ::1:9000 (from HTTP_X_FORWARDED_FOR HTTP header), localhost:9000 (fallback through xdebug.client_host/xdebug.client_port) :-(
[18-Nov-2021 21:19:05 UTC] Xdebug: [Step Debug] Time-out connecting to debugging client, waited: 200 ms. Tried: ::1:9000 (from HTTP_X_FORWARDED_FOR HTTP header), localhost:9000 (fallback through xdebug.client_host/xdebug.client_port) :-(
[18-Nov-2021 21:19:05 UTC] Xdebug: [Step Debug] Time-out connecting to debugging client, waited: 200 ms. Tried: ::1:9000 (from HTTP_X_FORWARDED_FOR HTTP header), localhost:9000 (fallback through xdebug.client_host/xdebug.client_port) :-(
[18-Nov-2021 21:19:06 UTC] Xdebug: [Step Debug] Time-out connecting to debugging client, waited: 200 ms. Tried: ::1:9000 (from HTTP_X_FORWARDED_FOR HTTP header), localhost:9000 (fallback through xdebug.client_host/xdebug.client_port) :-(
[18-Nov-2021 21:19:07 UTC] Xdebug: [Step Debug] Time-out connecting to debugging client, waited: 200 ms. Tried: ::1:9000 (from HTTP_X_FORWARDED_FOR HTTP header), localhost:9000 (fallback through xdebug.client_host/xdebug.client_port) :-(
[18-Nov-2021 21:19:07 UTC] Xdebug: [Step Debug] Time-out connecting to debugging client, waited: 200 ms. Tried: ::1:9000 (from HTTP_X_FORWARDED_FOR HTTP header), localhost:9000 (fallback through xdebug.client_host/xdebug.client_port) :-(
[18-Nov-2021 21:19:08 UTC] Xdebug: [Step Debug] Time-out connecting to debugging client, waited: 200 ms. Tried: ::1:9000 (from HTTP_X_FORWARDED_FOR HTTP header), localhost:9000 (fallback through xdebug.client_host/xdebug.client_port) :-(
[18-Nov-2021 21:19:09 UTC] Xdebug: [Step Debug] Time-out connecting to debugging client, waited: 200 ms. Tried: ::1:9000 (from HTTP_X_FORWARDED_FOR HTTP header), localhost:9000 (fallback through xdebug.client_host/xdebug.client_port) :-(
[18-Nov-2021 21:19:09 UTC] Xdebug: [Step Debug] Time-out connecting to debugging client, waited: 200 ms. Tried: ::1:9000 (from HTTP_X_FORWARDED_FOR HTTP header), localhost:9000 (fallback through xdebug.client_host/xdebug.client_port) :-(
[18-Nov-2021 21:19:10 UTC] Xdebug: [Step Debug] Time-out connecting to debugging client, waited: 200 ms. Tried: ::1:9000 (from HTTP_X_FORWARDED_FOR HTTP header), localhost:9000 (fallback through xdebug.client_host/xdebug.client_port) :-(
[18-Nov-2021 21:19:11 UTC] Xdebug: [Step Debug] Time-out connecting to debugging client, waited: 200 ms. Tried: ::1:9000 (from HTTP_X_FORWARDED_FOR HTTP header), localhost:9000 (fallback through xdebug.client_host/xdebug.client_port) :-(
[18-Nov-2021 21:19:11 UTC] Xdebug: [Step Debug] Time-out connecting to debugging client, waited: 200 ms. Tried: ::1:9000 (from HTTP_X_FORWARDED_FOR HTTP header), localhost:9000 (fallback through xdebug.client_host/xdebug.client_port) :-(
[18-Nov-2021 21:19:12 UTC] Xdebug: [Step Debug] Time-out connecting to debugging client, waited: 200 ms. Tried: ::1:9000 (from HTTP_X_FORWARDED_FOR HTTP header), localhost:9000 (fallback through xdebug.client_host/xdebug.client_port) :-(
[18-Nov-2021 21:19:13 UTC] Xdebug: [Step Debug] Time-out connecting to debugging client, waited: 200 ms. Tried: ::1:9000 (from HTTP_X_FORWARDED_FOR HTTP header), localhost:9000 (fallback through xdebug.client_host/xdebug.client_port) :-(
[18-Nov-2021 21:19:13 UTC] Xdebug: [Step Debug] Time-out connecting to debugging client, waited: 200 ms. Tried: ::1:9000 (from HTTP_X_FORWARDED_FOR HTTP header), localhost:9000 (fallback through xdebug.client_host/xdebug.client_port) :-(
[18-Nov-2021 21:19:14 UTC] Xdebug: [Step Debug] Time-out connecting to debugging client, waited: 200 ms. Tried: ::1:9000 (from HTTP_X_FORWARDED_FOR HTTP header), localhost:9000 (fallback through xdebug.client_host/xdebug.client_port) :-(
[18-Nov-2021 21:19:15 UTC] Xdebug: [Step Debug] Time-out connecting to debugging client, waited: 200 ms. Tried: ::1:9000 (from HTTP_X_FORWARDED_FOR HTTP header), localhost:9000 (fallback through xdebug.client_host/xdebug.client_port) :-(
[18-Nov-2021 21:19:15 UTC] Xdebug: [Step Debug] Time-out connecting to debugging client, waited: 200 ms. Tried: ::1:9000 (from HTTP_X_FORWARDED_FOR HTTP header), localhost:9000 (fallback through xdebug.client_host/xdebug.client_port) :-(
[18-Nov-2021 21:19:16 UTC] Xdebug: [Step Debug] Time-out connecting to debugging client, waited: 200 ms. Tried: ::1:9000 (from HTTP_X_FORWARDED_FOR HTTP header), localhost:9000 (fallback through xdebug.client_host/xdebug.client_port) :-(
