[Tue Sep 14 23:31:31.212622 2021] [mpm_winnt:notice] [pid 59232:tid 800] AH00455: Apache/2.4.43 (Win32) configured -- resuming normal operations
[Tue Sep 14 23:31:31.212622 2021] [mpm_winnt:notice] [pid 59232:tid 800] AH00456: Server built: Apr 21 2020 13:46:54
[Tue Sep 14 23:31:31.212622 2021] [core:notice] [pid 59232:tid 800] AH00094: Command line: 'C:\\Users\\nishi\\AppData\\Roaming\\Local\\lightning-services\\apache-2.4.43+6\\bin\\win32\\bin\\httpd.exe -d C:/Users/nishi/AppData/Roaming/Local/lightning-services/apache-2.4.43+6/bin/win32 -D FOREGROUND -f C:\\Users\\nishi\\AppData\\Roaming\\Local\\run\\L-pFkpTal\\conf\\apache\\apache2.conf'
[Tue Sep 14 23:31:31.214617 2021] [mpm_winnt:notice] [pid 59232:tid 800] AH00418: Parent: Created child process 7036
[Tue Sep 14 23:31:31.646869 2021] [mpm_winnt:notice] [pid 7036:tid 808] AH00354: Child: Starting 64 worker threads.
[Tue Oct 19 05:02:47.809414 2021] [core:warn] [pid 43736:tid 760] AH00098: pid file C:/Users/nishi/AppData/Roaming/Local/run/L-pFkpTal/apache/logs/httpd.pid overwritten -- Unclean shutdown of previous Apache run?
[Tue Oct 19 05:02:47.810390 2021] [mpm_winnt:notice] [pid 43736:tid 760] AH00455: Apache/2.4.43 (Win32) configured -- resuming normal operations
[Tue Oct 19 05:02:47.810390 2021] [mpm_winnt:notice] [pid 43736:tid 760] AH00456: Server built: Apr 21 2020 13:46:54
[Tue Oct 19 05:02:47.810390 2021] [core:notice] [pid 43736:tid 760] AH00094: Command line: 'C:\\Users\\nishi\\AppData\\Roaming\\Local\\lightning-services\\apache-2.4.43+6\\bin\\win32\\bin\\httpd.exe -d C:/Users/nishi/AppData/Roaming/Local/lightning-services/apache-2.4.43+6/bin/win32 -D FOREGROUND -f C:\\Users\\nishi\\AppData\\Roaming\\Local\\run\\L-pFkpTal\\conf\\apache\\apache2.conf'
[Tue Oct 19 05:02:47.812342 2021] [mpm_winnt:notice] [pid 43736:tid 760] AH00418: Parent: Created child process 47708
[Tue Oct 19 05:02:48.250094 2021] [mpm_winnt:notice] [pid 47708:tid 816] AH00354: Child: Starting 64 worker threads.
[Thu Nov 18 07:10:21.610589 2021] [core:warn] [pid 2240:tid 816] AH00098: pid file C:/Users/nishi/AppData/Roaming/Local/run/L-pFkpTal/apache/logs/httpd.pid overwritten -- Unclean shutdown of previous Apache run?
[Thu Nov 18 07:10:21.612589 2021] [mpm_winnt:notice] [pid 2240:tid 816] AH00455: Apache/2.4.43 (Win32) configured -- resuming normal operations
[Thu Nov 18 07:10:21.612589 2021] [mpm_winnt:notice] [pid 2240:tid 816] AH00456: Server built: Apr 21 2020 13:46:54
[Thu Nov 18 07:10:21.612589 2021] [core:notice] [pid 2240:tid 816] AH00094: Command line: 'C:\\Users\\nishi\\AppData\\Roaming\\Local\\lightning-services\\apache-2.4.43+6\\bin\\win32\\bin\\httpd.exe -d C:/Users/nishi/AppData/Roaming/Local/lightning-services/apache-2.4.43+6/bin/win32 -D FOREGROUND -f C:\\Users\\nishi\\AppData\\Roaming\\Local\\run\\L-pFkpTal\\conf\\apache\\apache2.conf'
[Thu Nov 18 07:10:21.614588 2021] [mpm_winnt:notice] [pid 2240:tid 816] AH00418: Parent: Created child process 17472
[Thu Nov 18 07:10:22.131588 2021] [mpm_winnt:notice] [pid 17472:tid 804] AH00354: Child: Starting 64 worker threads.
[Thu Nov 18 08:52:50.004540 2021] [core:warn] [pid 15816:tid 748] AH00098: pid file C:/Users/nishi/AppData/Roaming/Local/run/L-pFkpTal/apache/logs/httpd.pid overwritten -- Unclean shutdown of previous Apache run?
[Thu Nov 18 08:52:50.006541 2021] [mpm_winnt:notice] [pid 15816:tid 748] AH00455: Apache/2.4.43 (Win32) configured -- resuming normal operations
[Thu Nov 18 08:52:50.006541 2021] [mpm_winnt:notice] [pid 15816:tid 748] AH00456: Server built: Apr 21 2020 13:46:54
[Thu Nov 18 08:52:50.006541 2021] [core:notice] [pid 15816:tid 748] AH00094: Command line: 'C:\\Users\\nishi\\AppData\\Roaming\\Local\\lightning-services\\apache-2.4.43+6\\bin\\win32\\bin\\httpd.exe -d C:/Users/nishi/AppData/Roaming/Local/lightning-services/apache-2.4.43+6/bin/win32 -D FOREGROUND -f C:\\Users\\nishi\\AppData\\Roaming\\Local\\run\\L-pFkpTal\\conf\\apache\\apache2.conf'
[Thu Nov 18 08:52:50.008542 2021] [mpm_winnt:notice] [pid 15816:tid 748] AH00418: Parent: Created child process 35148
[Thu Nov 18 08:52:50.431394 2021] [mpm_winnt:notice] [pid 35148:tid 804] AH00354: Child: Starting 64 worker threads.
[Thu Nov 18 09:01:40.467260 2021] [core:warn] [pid 15572:tid 600] AH00098: pid file C:/Users/nishi/AppData/Roaming/Local/run/L-pFkpTal/apache/logs/httpd.pid overwritten -- Unclean shutdown of previous Apache run?
[Thu Nov 18 09:01:40.469259 2021] [mpm_winnt:notice] [pid 15572:tid 600] AH00455: Apache/2.4.43 (Win32) configured -- resuming normal operations
[Thu Nov 18 09:01:40.469259 2021] [mpm_winnt:notice] [pid 15572:tid 600] AH00456: Server built: Apr 21 2020 13:46:54
[Thu Nov 18 09:01:40.469259 2021] [core:notice] [pid 15572:tid 600] AH00094: Command line: 'C:\\Users\\nishi\\AppData\\Roaming\\Local\\lightning-services\\apache-2.4.43+6\\bin\\win32\\bin\\httpd.exe -d C:/Users/nishi/AppData/Roaming/Local/lightning-services/apache-2.4.43+6/bin/win32 -D FOREGROUND -f C:\\Users\\nishi\\AppData\\Roaming\\Local\\run\\L-pFkpTal\\conf\\apache\\apache2.conf'
[Thu Nov 18 09:01:40.471260 2021] [mpm_winnt:notice] [pid 15572:tid 600] AH00418: Parent: Created child process 28972
[Thu Nov 18 09:01:40.909260 2021] [mpm_winnt:notice] [pid 28972:tid 828] AH00354: Child: Starting 64 worker threads.
[Thu Nov 18 09:02:27.288291 2021] [core:warn] [pid 28624:tid 620] AH00098: pid file C:/Users/nishi/AppData/Roaming/Local/run/L-pFkpTal/apache/logs/httpd.pid overwritten -- Unclean shutdown of previous Apache run?
[Thu Nov 18 09:02:27.289266 2021] [mpm_winnt:notice] [pid 28624:tid 620] AH00455: Apache/2.4.43 (Win32) configured -- resuming normal operations
[Thu Nov 18 09:02:27.289266 2021] [mpm_winnt:notice] [pid 28624:tid 620] AH00456: Server built: Apr 21 2020 13:46:54
[Thu Nov 18 09:02:27.289266 2021] [core:notice] [pid 28624:tid 620] AH00094: Command line: 'C:\\Users\\nishi\\AppData\\Roaming\\Local\\lightning-services\\apache-2.4.43+6\\bin\\win32\\bin\\httpd.exe -d C:/Users/nishi/AppData/Roaming/Local/lightning-services/apache-2.4.43+6/bin/win32 -D FOREGROUND -f C:\\Users\\nishi\\AppData\\Roaming\\Local\\run\\L-pFkpTal\\conf\\apache\\apache2.conf'
[Thu Nov 18 09:02:27.291267 2021] [mpm_winnt:notice] [pid 28624:tid 620] AH00418: Parent: Created child process 10260
[Thu Nov 18 09:02:27.740266 2021] [mpm_winnt:notice] [pid 10260:tid 584] AH00354: Child: Starting 64 worker threads.
[Thu Nov 18 09:03:15.502864 2021] [core:warn] [pid 39036:tid 768] AH00098: pid file C:/Users/nishi/AppData/Roaming/Local/run/L-pFkpTal/apache/logs/httpd.pid overwritten -- Unclean shutdown of previous Apache run?
[Thu Nov 18 09:03:15.504865 2021] [mpm_winnt:notice] [pid 39036:tid 768] AH00455: Apache/2.4.43 (Win32) mod_fcgid/2.3.9a configured -- resuming normal operations
[Thu Nov 18 09:03:15.504865 2021] [mpm_winnt:notice] [pid 39036:tid 768] AH00456: Server built: Apr 21 2020 13:46:54
[Thu Nov 18 09:03:15.504865 2021] [core:notice] [pid 39036:tid 768] AH00094: Command line: 'C:\\Users\\nishi\\AppData\\Roaming\\Local\\lightning-services\\apache-2.4.43+6\\bin\\win32\\bin\\httpd.exe -d C:/Users/nishi/AppData/Roaming/Local/lightning-services/apache-2.4.43+6/bin/win32 -D FOREGROUND -f C:\\Users\\nishi\\AppData\\Roaming\\Local\\run\\L-pFkpTal\\conf\\apache\\apache2.conf'
[Thu Nov 18 09:03:15.505864 2021] [mpm_winnt:notice] [pid 39036:tid 768] AH00418: Parent: Created child process 36608
[Thu Nov 18 09:03:15.939864 2021] [mpm_winnt:notice] [pid 36608:tid 852] AH00354: Child: Starting 64 worker threads.
[Thu Nov 18 09:03:22.792519 2021] [core:warn] [pid 35636:tid 764] AH00098: pid file C:/Users/nishi/AppData/Roaming/Local/run/L-pFkpTal/apache/logs/httpd.pid overwritten -- Unclean shutdown of previous Apache run?
[Thu Nov 18 09:03:22.794520 2021] [mpm_winnt:notice] [pid 35636:tid 764] AH00455: Apache/2.4.43 (Win32) mod_fcgid/2.3.9a configured -- resuming normal operations
[Thu Nov 18 09:03:22.794520 2021] [mpm_winnt:notice] [pid 35636:tid 764] AH00456: Server built: Apr 21 2020 13:46:54
[Thu Nov 18 09:03:22.794520 2021] [core:notice] [pid 35636:tid 764] AH00094: Command line: 'C:\\Users\\nishi\\AppData\\Roaming\\Local\\lightning-services\\apache-2.4.43+6\\bin\\win32\\bin\\httpd.exe -d C:/Users/nishi/AppData/Roaming/Local/lightning-services/apache-2.4.43+6/bin/win32 -D FOREGROUND -f C:\\Users\\nishi\\AppData\\Roaming\\Local\\run\\L-pFkpTal\\conf\\apache\\apache2.conf'
[Thu Nov 18 09:03:22.795520 2021] [mpm_winnt:notice] [pid 35636:tid 764] AH00418: Parent: Created child process 38972
[Thu Nov 18 09:03:23.223827 2021] [mpm_winnt:notice] [pid 38972:tid 844] AH00354: Child: Starting 64 worker threads.
[Thu Nov 18 09:04:35.668480 2021] [core:warn] [pid 35196:tid 820] AH00098: pid file C:/Users/nishi/AppData/Roaming/Local/run/L-pFkpTal/apache/logs/httpd.pid overwritten -- Unclean shutdown of previous Apache run?
[Thu Nov 18 09:04:35.669479 2021] [mpm_winnt:notice] [pid 35196:tid 820] AH00455: Apache/2.4.43 (Win32) configured -- resuming normal operations
[Thu Nov 18 09:04:35.669479 2021] [mpm_winnt:notice] [pid 35196:tid 820] AH00456: Server built: Apr 21 2020 13:46:54
[Thu Nov 18 09:04:35.669479 2021] [core:notice] [pid 35196:tid 820] AH00094: Command line: 'C:\\Users\\nishi\\AppData\\Roaming\\Local\\lightning-services\\apache-2.4.43+6\\bin\\win32\\bin\\httpd.exe -d C:/Users/nishi/AppData/Roaming/Local/lightning-services/apache-2.4.43+6/bin/win32 -D FOREGROUND -f C:\\Users\\nishi\\AppData\\Roaming\\Local\\run\\L-pFkpTal\\conf\\apache\\apache2.conf'
[Thu Nov 18 09:04:35.671481 2021] [mpm_winnt:notice] [pid 35196:tid 820] AH00418: Parent: Created child process 35232
[Thu Nov 18 09:04:36.196017 2021] [mpm_winnt:notice] [pid 35232:tid 816] AH00354: Child: Starting 64 worker threads.
[Thu Nov 18 09:06:16.885644 2021] [core:warn] [pid 36288:tid 780] AH00098: pid file C:/Users/nishi/AppData/Roaming/Local/run/L-pFkpTal/apache/logs/httpd.pid overwritten -- Unclean shutdown of previous Apache run?
[Thu Nov 18 09:06:16.887645 2021] [mpm_winnt:notice] [pid 36288:tid 780] AH00455: Apache/2.4.43 (Win32) configured -- resuming normal operations
[Thu Nov 18 09:06:16.887645 2021] [mpm_winnt:notice] [pid 36288:tid 780] AH00456: Server built: Apr 21 2020 13:46:54
[Thu Nov 18 09:06:16.887645 2021] [core:notice] [pid 36288:tid 780] AH00094: Command line: 'C:\\Users\\nishi\\AppData\\Roaming\\Local\\lightning-services\\apache-2.4.43+6\\bin\\win32\\bin\\httpd.exe -d C:/Users/nishi/AppData/Roaming/Local/lightning-services/apache-2.4.43+6/bin/win32 -D FOREGROUND -f C:\\Users\\nishi\\AppData\\Roaming\\Local\\run\\L-pFkpTal\\conf\\apache\\apache2.conf'
[Thu Nov 18 09:06:16.889645 2021] [mpm_winnt:notice] [pid 36288:tid 780] AH00418: Parent: Created child process 38712
[Thu Nov 18 09:06:17.353644 2021] [mpm_winnt:notice] [pid 38712:tid 816] AH00354: Child: Starting 64 worker threads.
[Thu Nov 18 09:10:06.734112 2021] [core:warn] [pid 35076:tid 780] AH00098: pid file C:/Users/nishi/AppData/Roaming/Local/run/L-pFkpTal/apache/logs/httpd.pid overwritten -- Unclean shutdown of previous Apache run?
[Thu Nov 18 09:10:06.736112 2021] [mpm_winnt:notice] [pid 35076:tid 780] AH00455: Apache/2.4.43 (Win32) configured -- resuming normal operations
[Thu Nov 18 09:10:06.736112 2021] [mpm_winnt:notice] [pid 35076:tid 780] AH00456: Server built: Apr 21 2020 13:46:54
[Thu Nov 18 09:10:06.736112 2021] [core:notice] [pid 35076:tid 780] AH00094: Command line: 'C:\\Users\\nishi\\AppData\\Roaming\\Local\\lightning-services\\apache-2.4.43+6\\bin\\win32\\bin\\httpd.exe -d C:/Users/nishi/AppData/Roaming/Local/lightning-services/apache-2.4.43+6/bin/win32 -D FOREGROUND -f C:\\Users\\nishi\\AppData\\Roaming\\Local\\run\\L-pFkpTal\\conf\\apache\\apache2.conf'
[Thu Nov 18 09:10:06.738112 2021] [mpm_winnt:notice] [pid 35076:tid 780] AH00418: Parent: Created child process 39564
[Thu Nov 18 09:10:07.165112 2021] [mpm_winnt:notice] [pid 39564:tid 812] AH00354: Child: Starting 64 worker threads.
[Thu Nov 18 09:40:26.110650 2021] [core:warn] [pid 37240:tid 760] AH00098: pid file C:/Users/nishi/AppData/Roaming/Local/run/L-pFkpTal/apache/logs/httpd.pid overwritten -- Unclean shutdown of previous Apache run?
[Thu Nov 18 09:40:26.112650 2021] [mpm_winnt:notice] [pid 37240:tid 760] AH00455: Apache/2.4.43 (Win32) configured -- resuming normal operations
[Thu Nov 18 09:40:26.112650 2021] [mpm_winnt:notice] [pid 37240:tid 760] AH00456: Server built: Apr 21 2020 13:46:54
[Thu Nov 18 09:40:26.112650 2021] [core:notice] [pid 37240:tid 760] AH00094: Command line: 'C:\\Users\\nishi\\AppData\\Roaming\\Local\\lightning-services\\apache-2.4.43+6\\bin\\win32\\bin\\httpd.exe -d C:/Users/nishi/AppData/Roaming/Local/lightning-services/apache-2.4.43+6/bin/win32 -D FOREGROUND -f C:\\Users\\nishi\\AppData\\Roaming\\Local\\run\\L-pFkpTal\\conf\\apache\\apache2.conf'
[Thu Nov 18 09:40:26.115650 2021] [mpm_winnt:notice] [pid 37240:tid 760] AH00418: Parent: Created child process 34852
[Thu Nov 18 09:40:26.576648 2021] [mpm_winnt:notice] [pid 34852:tid 804] AH00354: Child: Starting 64 worker threads.
[Fri Nov 19 04:09:54.105419 2021] [core:warn] [pid 39064:tid 848] AH00098: pid file C:/Users/nishi/AppData/Roaming/Local/run/L-pFkpTal/apache/logs/httpd.pid overwritten -- Unclean shutdown of previous Apache run?
[Fri Nov 19 04:09:54.106419 2021] [mpm_winnt:notice] [pid 39064:tid 848] AH00455: Apache/2.4.43 (Win32) configured -- resuming normal operations
[Fri Nov 19 04:09:54.106419 2021] [mpm_winnt:notice] [pid 39064:tid 848] AH00456: Server built: Apr 21 2020 13:46:54
[Fri Nov 19 04:09:54.106419 2021] [core:notice] [pid 39064:tid 848] AH00094: Command line: 'C:\\Users\\nishi\\AppData\\Roaming\\Local\\lightning-services\\apache-2.4.43+6\\bin\\win32\\bin\\httpd.exe -d C:/Users/nishi/AppData/Roaming/Local/lightning-services/apache-2.4.43+6/bin/win32 -D FOREGROUND -f C:\\Users\\nishi\\AppData\\Roaming\\Local\\run\\L-pFkpTal\\conf\\apache\\apache2.conf'
[Fri Nov 19 04:09:54.109420 2021] [mpm_winnt:notice] [pid 39064:tid 848] AH00418: Parent: Created child process 15608
[Fri Nov 19 04:09:54.665729 2021] [mpm_winnt:notice] [pid 15608:tid 816] AH00354: Child: Starting 64 worker threads.
[Fri Nov 19 05:22:40.437496 2021] [core:warn] [pid 3136:tid 780] AH00098: pid file C:/Users/nishi/AppData/Roaming/Local/run/L-pFkpTal/apache/logs/httpd.pid overwritten -- Unclean shutdown of previous Apache run?
[Fri Nov 19 05:22:40.438496 2021] [mpm_winnt:notice] [pid 3136:tid 780] AH00455: Apache/2.4.43 (Win32) configured -- resuming normal operations
[Fri Nov 19 05:22:40.438496 2021] [mpm_winnt:notice] [pid 3136:tid 780] AH00456: Server built: Apr 21 2020 13:46:54
[Fri Nov 19 05:22:40.438496 2021] [core:notice] [pid 3136:tid 780] AH00094: Command line: 'C:\\Users\\nishi\\AppData\\Roaming\\Local\\lightning-services\\apache-2.4.43+6\\bin\\win32\\bin\\httpd.exe -d C:/Users/nishi/AppData/Roaming/Local/lightning-services/apache-2.4.43+6/bin/win32 -D FOREGROUND -f C:\\Users\\nishi\\AppData\\Roaming\\Local\\run\\L-pFkpTal\\conf\\apache\\apache2.conf'
[Fri Nov 19 05:22:40.440496 2021] [mpm_winnt:notice] [pid 3136:tid 780] AH00418: Parent: Created child process 3304
[Fri Nov 19 05:22:40.877944 2021] [mpm_winnt:notice] [pid 3304:tid 800] AH00354: Child: Starting 64 worker threads.
[Fri Nov 19 06:12:41.553741 2021] [core:warn] [pid 40576:tid 216] AH00098: pid file C:/Users/nishi/AppData/Roaming/Local/run/L-pFkpTal/apache/logs/httpd.pid overwritten -- Unclean shutdown of previous Apache run?
[Fri Nov 19 06:12:41.554741 2021] [mpm_winnt:notice] [pid 40576:tid 216] AH00455: Apache/2.4.43 (Win32) configured -- resuming normal operations
[Fri Nov 19 06:12:41.554741 2021] [mpm_winnt:notice] [pid 40576:tid 216] AH00456: Server built: Apr 21 2020 13:46:54
[Fri Nov 19 06:12:41.554741 2021] [core:notice] [pid 40576:tid 216] AH00094: Command line: 'C:\\Users\\nishi\\AppData\\Roaming\\Local\\lightning-services\\apache-2.4.43+6\\bin\\win32\\bin\\httpd.exe -d C:/Users/nishi/AppData/Roaming/Local/lightning-services/apache-2.4.43+6/bin/win32 -D FOREGROUND -f C:\\Users\\nishi\\AppData\\Roaming\\Local\\run\\L-pFkpTal\\conf\\apache\\apache2.conf'
[Fri Nov 19 06:12:41.556742 2021] [mpm_winnt:notice] [pid 40576:tid 216] AH00418: Parent: Created child process 31384
[Fri Nov 19 06:12:42.002742 2021] [mpm_winnt:notice] [pid 31384:tid 820] AH00354: Child: Starting 64 worker threads.
[Fri Nov 19 06:17:23.483433 2021] [core:warn] [pid 38136:tid 760] AH00098: pid file C:/Users/nishi/AppData/Roaming/Local/run/L-pFkpTal/apache/logs/httpd.pid overwritten -- Unclean shutdown of previous Apache run?
[Fri Nov 19 06:17:23.485433 2021] [mpm_winnt:notice] [pid 38136:tid 760] AH00455: Apache/2.4.43 (Win32) configured -- resuming normal operations
[Fri Nov 19 06:17:23.485433 2021] [mpm_winnt:notice] [pid 38136:tid 760] AH00456: Server built: Apr 21 2020 13:46:54
[Fri Nov 19 06:17:23.485433 2021] [core:notice] [pid 38136:tid 760] AH00094: Command line: 'C:\\Users\\nishi\\AppData\\Roaming\\Local\\lightning-services\\apache-2.4.43+6\\bin\\win32\\bin\\httpd.exe -d C:/Users/nishi/AppData/Roaming/Local/lightning-services/apache-2.4.43+6/bin/win32 -D FOREGROUND -f C:\\Users\\nishi\\AppData\\Roaming\\Local\\run\\L-pFkpTal\\conf\\apache\\apache2.conf'
[Fri Nov 19 06:17:23.487467 2021] [mpm_winnt:notice] [pid 38136:tid 760] AH00418: Parent: Created child process 40608
[Fri Nov 19 06:17:24.030896 2021] [mpm_winnt:notice] [pid 40608:tid 804] AH00354: Child: Starting 64 worker threads.
[Fri Nov 19 06:18:22.698051 2021] [core:warn] [pid 35412:tid 760] AH00098: pid file C:/Users/nishi/AppData/Roaming/Local/run/L-pFkpTal/apache/logs/httpd.pid overwritten -- Unclean shutdown of previous Apache run?
[Fri Nov 19 06:18:22.700051 2021] [mpm_winnt:notice] [pid 35412:tid 760] AH00455: Apache/2.4.43 (Win32) configured -- resuming normal operations
[Fri Nov 19 06:18:22.700051 2021] [mpm_winnt:notice] [pid 35412:tid 760] AH00456: Server built: Apr 21 2020 13:46:54
[Fri Nov 19 06:18:22.700051 2021] [core:notice] [pid 35412:tid 760] AH00094: Command line: 'C:\\Users\\nishi\\AppData\\Roaming\\Local\\lightning-services\\apache-2.4.43+6\\bin\\win32\\bin\\httpd.exe -d C:/Users/nishi/AppData/Roaming/Local/lightning-services/apache-2.4.43+6/bin/win32 -D FOREGROUND -f C:\\Users\\nishi\\AppData\\Roaming\\Local\\run\\L-pFkpTal\\conf\\apache\\apache2.conf'
[Fri Nov 19 06:18:22.702051 2021] [mpm_winnt:notice] [pid 35412:tid 760] AH00418: Parent: Created child process 43772
[Fri Nov 19 06:18:23.205095 2021] [mpm_winnt:notice] [pid 43772:tid 820] AH00354: Child: Starting 64 worker threads.
[Fri Nov 19 06:18:30.707801 2021] [core:warn] [pid 27980:tid 776] AH00098: pid file C:/Users/nishi/AppData/Roaming/Local/run/L-pFkpTal/apache/logs/httpd.pid overwritten -- Unclean shutdown of previous Apache run?
[Fri Nov 19 06:18:30.709802 2021] [mpm_winnt:notice] [pid 27980:tid 776] AH00455: Apache/2.4.43 (Win32) configured -- resuming normal operations
[Fri Nov 19 06:18:30.709802 2021] [mpm_winnt:notice] [pid 27980:tid 776] AH00456: Server built: Apr 21 2020 13:46:54
[Fri Nov 19 06:18:30.709802 2021] [core:notice] [pid 27980:tid 776] AH00094: Command line: 'C:\\Users\\nishi\\AppData\\Roaming\\Local\\lightning-services\\apache-2.4.43+6\\bin\\win32\\bin\\httpd.exe -d C:/Users/nishi/AppData/Roaming/Local/lightning-services/apache-2.4.43+6/bin/win32 -D FOREGROUND -f C:\\Users\\nishi\\AppData\\Roaming\\Local\\run\\L-pFkpTal\\conf\\apache\\apache2.conf'
[Fri Nov 19 06:18:30.712802 2021] [mpm_winnt:notice] [pid 27980:tid 776] AH00418: Parent: Created child process 35772
[Fri Nov 19 06:18:31.228907 2021] [mpm_winnt:notice] [pid 35772:tid 816] AH00354: Child: Starting 64 worker threads.
[Fri Nov 19 06:19:35.047009 2021] [core:warn] [pid 24672:tid 524] AH00098: pid file C:/Users/nishi/AppData/Roaming/Local/run/L-pFkpTal/apache/logs/httpd.pid overwritten -- Unclean shutdown of previous Apache run?
[Fri Nov 19 06:19:35.049009 2021] [mpm_winnt:notice] [pid 24672:tid 524] AH00455: Apache/2.4.43 (Win32) configured -- resuming normal operations
[Fri Nov 19 06:19:35.049009 2021] [mpm_winnt:notice] [pid 24672:tid 524] AH00456: Server built: Apr 21 2020 13:46:54
[Fri Nov 19 06:19:35.049009 2021] [core:notice] [pid 24672:tid 524] AH00094: Command line: 'C:\\Users\\nishi\\AppData\\Roaming\\Local\\lightning-services\\apache-2.4.43+6\\bin\\win32\\bin\\httpd.exe -d C:/Users/nishi/AppData/Roaming/Local/lightning-services/apache-2.4.43+6/bin/win32 -D FOREGROUND -f C:\\Users\\nishi\\AppData\\Roaming\\Local\\run\\L-pFkpTal\\conf\\apache\\apache2.conf'
[Fri Nov 19 06:19:35.051010 2021] [mpm_winnt:notice] [pid 24672:tid 524] AH00418: Parent: Created child process 19928
[Fri Nov 19 06:19:35.556140 2021] [mpm_winnt:notice] [pid 19928:tid 808] AH00354: Child: Starting 64 worker threads.
